Using pre-set license
Built from '2020.2/release' branch; Version is '2020.2.0f1 (3721df5a8b28) revision 3613151'; Using compiler version '192528614'; Build Type 'Release'
OS: 'Windows 10  (10.0.0) 64bit' Language: 'en' Physical Memory: 8104 MB
BatchMode: 1, IsHumanControllingUs: 0, StartBugReporterOnCrash: 0, Is64bit: 1, IsPro: 0

 COMMAND LINE ARGUMENTS:
C:\Program Files\Unity\Hub\Editor\2020.2.0f1\Editor\Unity.exe
-adb2
-batchMode
-noUpm
-name
AssetImportWorker6
-projectPath
C:/Users/Rudra Verma/Desktop/3DRun
-logFile
Logs/AssetImportWorker6.log
-srvPort
63783
Successfully changed project path to: C:/Users/Rudra Verma/Desktop/3DRun
C:/Users/Rudra Verma/Desktop/3DRun
Using Asset Import Pipeline V2.
Refreshing native plugins compatible for Editor in 51.21 ms, found 0 plugins.
Preloading 0 native plugins for Editor in 0.00 ms.
Initialize engine version: 2020.2.0f1 (3721df5a8b28)
[Subsystems] Discovering subsystems at path C:/Program Files/Unity/Hub/Editor/2020.2.0f1/Editor/Data/Resources/UnitySubsystems
[Subsystems] Discovering subsystems at path C:/Users/Rudra Verma/Desktop/3DRun/Assets
GfxDevice: creating device client; threaded=0
Direct3D:
    Version:  Direct3D 11.0 [level 11.1]
    Renderer: Intel(R) HD Graphics 5500 (ID=0x1616)
    Vendor:   
    VRAM:     4052 MB
    Driver:   20.19.15.5063
Initialize mono
Mono path[0] = 'C:/Program Files/Unity/Hub/Editor/2020.2.0f1/Editor/Data/Managed'
Mono path[1] = 'C:/Program Files/Unity/Hub/Editor/2020.2.0f1/Editor/Data/MonoBleedingEdge/lib/mono/unityjit'
Mono config path = 'C:/Program Files/Unity/Hub/Editor/2020.2.0f1/Editor/Data/MonoBleedingEdge/etc'
Using monoOptions --debugger-agent=transport=dt_socket,embedding=1,server=y,suspend=n,address=127.0.0.1:56064
Begin MonoManager ReloadAssembly
Registering precompiled unity dll's ...
Register platform support module: C:/Program Files/Unity/Hub/Editor/2020.2.0f1/Editor/Data/PlaybackEngines/WebGLSupport/UnityEditor.WebGL.Extensions.dll
Register platform support module: C:/Program Files/Unity/Hub/Editor/2020.2.0f1/Editor/Data/PlaybackEngines/WindowsStandaloneSupport/UnityEditor.WindowsStandalone.Extensions.dll
Registered in 0.004349 seconds.
Native extension for WindowsStandalone target not found
Native extension for WebGL target not found
Refreshing native plugins compatible for Editor in 50.68 ms, found 0 plugins.
Preloading 0 native plugins for Editor in 0.00 ms.
Invoked RoslynAnalysisRunner static constructor.
RoslynAnalysisRunner will not be running.
RoslynAnalysisRunner has terminated.
Mono: successfully reloaded assembly
- Completed reload, in  3.714 seconds
Platform modules already initialized, skipping
Registering precompiled user dll's ...
Registered in 0.001298 seconds.
Begin MonoManager ReloadAssembly
Native extension for WindowsStandalone target not found
Native extension for WebGL target not found
Refreshing native plugins compatible for Editor in 0.39 ms, found 0 plugins.
Preloading 0 native plugins for Editor in 0.00 ms.
Invoked RoslynAnalysisRunner static constructor.
RoslynAnalysisRunner will not be running.
RoslynAnalysisRunner has terminated.
Mono: successfully reloaded assembly
- Completed reload, in  2.394 seconds
Platform modules already initialized, skipping
========================================================================
Worker process is ready to serve import requests
Launched and connected shader compiler UnityShaderCompiler.exe after 0.82 seconds
Refreshing native plugins compatible for Editor in 0.37 ms, found 0 plugins.
Preloading 0 native plugins for Editor in 0.00 ms.
Unloading 1239 Unused Serialized files (Serialized files now loaded: 0)
System memory in use before: 138.4 MB.
System memory in use after: 138.5 MB.

Unloading 9 unused Assets to reduce memory usage. Loaded Objects now: 1688.
Total: 2.948500 ms (FindLiveObjects: 0.218700 ms CreateObjectMapping: 0.071800 ms MarkObjects: 2.566300 ms  DeleteObjects: 0.089400 ms)

========================================================================
Received Import Request.
  path: Assets/Prefabs/RE1.prefab
  artifactKey: Guid(c97f813e47fb756459fe44d50b240ab4) Importer(815301076,1909f56bfc062723c751e8b465ee728b)
Start importing Assets/Prefabs/RE1.prefab using Guid(c97f813e47fb756459fe44d50b240ab4) Importer(815301076,1909f56bfc062723c751e8b465ee728b)  -> (artifact id: 'fbac5f08c61648053a895f86627a5ab2') in 0.484790 seconds
  Import took 0.530523 seconds .

========================================================================
Received Import Request.
  Time since last request: 0.000373 seconds.
  path: Assets/Prefabs/RE3.prefab
  artifactKey: Guid(4a0cf3385a7a474488c4bf7a39b922b0) Importer(815301076,1909f56bfc062723c751e8b465ee728b)
Start importing Assets/Prefabs/RE3.prefab using Guid(4a0cf3385a7a474488c4bf7a39b922b0) Importer(815301076,1909f56bfc062723c751e8b465ee728b)  -> (artifact id: '0d627412f9c65b25657c8867ba7802ef') in 0.103927 seconds
  Import took 0.136714 seconds .

========================================================================
Received Import Request.
  Time since last request: 36.111037 seconds.
  path: Assets/Prefabs/RE4.prefab
  artifactKey: Guid(ef829f388d8967d4582c037494d12ba3) Importer(815301076,1909f56bfc062723c751e8b465ee728b)
Start importing Assets/Prefabs/RE4.prefab using Guid(ef829f388d8967d4582c037494d12ba3) Importer(815301076,1909f56bfc062723c751e8b465ee728b)  -> (artifact id: '73bb4cf92f9df21f2c763862500ece0e') in 0.072208 seconds
  Import took 0.156563 seconds .

========================================================================
Received Import Request.
  Time since last request: 87.998830 seconds.
  path: Assets/Prefabs/RE4.prefab
  artifactKey: Guid(ef829f388d8967d4582c037494d12ba3) Importer(815301076,1909f56bfc062723c751e8b465ee728b)
Start importing Assets/Prefabs/RE4.prefab using Guid(ef829f388d8967d4582c037494d12ba3) Importer(815301076,1909f56bfc062723c751e8b465ee728b)  -> (artifact id: 'cbf22656ee1d53292128130ba03c30b8') in 0.077830 seconds
  Import took 0.094947 seconds .

========================================================================
Received Import Request.
  Time since last request: 3.342299 seconds.
  path: Assets/Prefabs/RE4.prefab
  artifactKey: Guid(ef829f388d8967d4582c037494d12ba3) Importer(815301076,1909f56bfc062723c751e8b465ee728b)
Start importing Assets/Prefabs/RE4.prefab using Guid(ef829f388d8967d4582c037494d12ba3) Importer(815301076,1909f56bfc062723c751e8b465ee728b)  -> (artifact id: '66f9061bb9493acee3b6d66c7cf9ef90') in 0.078966 seconds
  Import took 0.103405 seconds .

========================================================================
Received Import Request.
  Time since last request: 2204.473870 seconds.
  path: Assets/rasengan
  artifactKey: Guid(d3dc4e1771daf374da655a677ad32047) Importer(815301076,1909f56bfc062723c751e8b465ee728b)
Start importing Assets/rasengan using Guid(d3dc4e1771daf374da655a677ad32047) Importer(815301076,1909f56bfc062723c751e8b465ee728b)  -> (artifact id: '2ceae1165a470f6b169d9ac223733114') in 0.020133 seconds
  Import took 0.079467 seconds .

========================================================================
Received Prepare
Refreshing native plugins compatible for Editor in 4.34 ms, found 0 plugins.
Preloading 0 native plugins for Editor in 0.00 ms.
Unloading 3 Unused Serialized files (Serialized files now loaded: 0)
System memory in use before: 114.8 MB.
System memory in use after: 114.9 MB.

Unloading 3 unused Assets to reduce memory usage. Loaded Objects now: 1697.
Total: 398.824300 ms (FindLiveObjects: 0.786600 ms CreateObjectMapping: 0.152100 ms MarkObjects: 397.642900 ms  DeleteObjects: 0.238800 ms)

AssetImportWorkerClient::OnTransportError - code=2 error=End of file
